<?xml version="1.0" encoding="UTF-8"?>
<!-- Generated by org.testng.reporters.JUnitXMLReporter -->
<testsuite ignored="0" hostname="DESKTOP-QED19D2" failures="1" tests="5" name="API CRUD" time="5.819" errors="0" timestamp="2022-10-16T15:12:31 PDT">
  <testcase classname="APItests.test.EmployeeAPIE2ETests" name="TC01" time="2.39"/>
  <testcase classname="APItests.test.EmployeeAPIE2ETests" name="TC02" time="0.802"/>
  <testcase classname="APItests.test.EmployeeAPIE2ETests" name="TC03" time="1.033"/>
  <testcase classname="APItests.test.EmployeeAPIE2ETests" name="TC04" time="0.513"/>
  <testcase classname="APItests.test.EmployeeAPIE2ETests" name="TC05" time="0.67">
    <failure type="java.lang.IllegalStateException" message="Cannot parse object because no supported Content-Type was specified in response. Content-Type was &amp;apos;text/html; charset=UTF-8&amp;apos;.">
      <![CDATA[java.lang.IllegalStateException: Cannot parse object because no supported Content-Type was specified in response. Content-Type was 'text/html; charset=UTF-8'.
at org.codehaus.groovy.runtime.callsite.ConstructorSite$ConstructorSiteNoUnwrapNoCoerce.callConstructor(ConstructorSite.java:105)
at org.codehaus.groovy.runtime.callsite.CallSiteArray.defaultCallConstructor(CallSiteArray.java:59)
at org.codehaus.groovy.runtime.callsite.AbstractCallSite.callConstructor(AbstractCallSite.java:263)
at org.codehaus.groovy.runtime.callsite.AbstractCallSite.callConstructor(AbstractCallSite.java:277)
at io.restassured.internal.mapping.ObjectMapping.deserialize(ObjectMapping.groovy:95)
at io.restassured.internal.mapping.ObjectMapping$deserialize$0.call(Unknown Source)
at io.restassured.internal.RestAssuredResponseOptionsGroovyImpl.as(RestAssuredResponseOptionsGroovyImpl.groovy:231)
at io.restassured.internal.RestAssuredResponseOptionsImpl.as(RestAssuredResponseOptionsImpl.java:169)
at APIcrud.GetEmployees.GetEmployee(GetEmployees.java:42)
at APItests.test.EmployeeAPIE2ETests.TC05(EmployeeAPIE2ETests.java:61)
at java.base/java.util.ArrayList.forEach(ArrayList.java:1511)
... Removed 33 stack frames]]>
    </failure>
  </testcase> <!-- TC05 -->
</testsuite> <!-- API CRUD -->
