<?xml version="1.0" encoding="UTF-8"?>
<!-- Generated by org.testng.reporters.JUnitXMLReporter -->
<testsuite ignored="4" hostname="DESKTOP-QED19D2" failures="0" tests="1" name="Default test" time="2.837" errors="0" timestamp="2022-10-16T14:45:43 PDT">
  <testcase classname="APItests.test.EmployeeAPIE2ETests" name="TC05" time="2.472"/>
  <testcase classname="APItests.test.EmployeeAPIE2ETests" name="TC02" time="0.0">
    <ignored/>
  </testcase> <!-- TC02 -->
  <testcase classname="APItests.test.EmployeeAPIE2ETests" name="TC03" time="0.0">
    <ignored/>
  </testcase> <!-- TC03 -->
  <testcase classname="APItests.test.EmployeeAPIE2ETests" name="TC01" time="0.0">
    <ignored/>
  </testcase> <!-- TC01 -->
  <testcase classname="APItests.test.EmployeeAPIE2ETests" name="TC04" time="0.0">
    <ignored/>
  </testcase> <!-- TC04 -->
</testsuite> <!-- Default test -->
